mode: count
ublack/model/service/data/sync2bh.go:11.35,23.16 8 0
ublack/model/service/data/sync2bh.go:29.2,29.12 1 0
ublack/model/service/data/sync2bh.go:23.16,27.3 2 0
ublack/model/service/data/ublack.go:19.90,23.70 3 0
ublack/model/service/data/ublack.go:27.2,30.18 2 0
ublack/model/service/data/ublack.go:49.2,51.16 3 0
ublack/model/service/data/ublack.go:55.2,57.27 3 0
ublack/model/service/data/ublack.go:85.2,87.16 2 0
ublack/model/service/data/ublack.go:91.2,91.17 1 0
ublack/model/service/data/ublack.go:23.70,25.3 1 0
ublack/model/service/data/ublack.go:30.18,32.17 2 0
ublack/model/service/data/ublack.go:36.3,41.17 4 0
ublack/model/service/data/ublack.go:45.3,45.18 1 0
ublack/model/service/data/ublack.go:32.17,34.4 1 0
ublack/model/service/data/ublack.go:41.17,43.4 1 0
ublack/model/service/data/ublack.go:51.16,53.3 1 0
ublack/model/service/data/ublack.go:57.27,61.14 3 0
ublack/model/service/data/ublack.go:77.3,78.17 2 0
ublack/model/service/data/ublack.go:62.10,62.10 0 0
ublack/model/service/data/ublack.go:63.10,66.24 3 0
ublack/model/service/data/ublack.go:67.10,70.24 3 0
ublack/model/service/data/ublack.go:71.11,74.24 3 0
ublack/model/service/data/ublack.go:78.17,80.4 1 0
ublack/model/service/data/ublack.go:81.8,83.3 1 0
ublack/model/service/data/ublack.go:87.16,89.3 1 0
ublack/model/service/data/ublack.go:94.69,98.32 3 0
ublack/model/service/data/ublack.go:106.2,108.44 3 0
ublack/model/service/data/ublack.go:112.2,118.23 6 0
ublack/model/service/data/ublack.go:122.2,123.18 2 0
ublack/model/service/data/ublack.go:98.32,104.3 4 0
ublack/model/service/data/ublack.go:108.44,110.3 1 0
ublack/model/service/data/ublack.go:118.23,120.3 1 0
ublack/model/service/data/ublack.go:126.70,130.2 3 0
ublack/model/service/data/ublack.go:132.73,142.2 2 0
ublack/model/service/data/ublack.go:144.50,149.2 1 0
ublack/model/service/page/ublack.go:18.62,20.2 1 0
ublack/model/service/page/ublack.go:22.58,27.70 4 0
ublack/model/service/page/ublack.go:34.2,35.16 2 0
ublack/model/service/page/ublack.go:40.2,42.21 3 0
ublack/model/service/page/ublack.go:27.70,32.3 2 0
ublack/model/service/page/ublack.go:35.16,38.3 2 0
ublack/model/service/page/ublack.go:45.60,48.36 2 0
ublack/model/service/page/ublack.go:55.2,56.16 2 0
ublack/model/service/page/ublack.go:61.2,63.21 3 0
ublack/model/service/page/ublack.go:48.36,53.3 2 0
ublack/model/service/page/ublack.go:56.16,59.3 2 0
ublack/model/service/page/ublack.go:66.61,69.36 2 0
ublack/model/service/page/ublack.go:76.2,77.16 2 0
ublack/model/service/page/ublack.go:82.2,84.21 3 0
ublack/model/service/page/ublack.go:69.36,74.3 2 0
ublack/model/service/page/ublack.go:77.16,80.3 2 0
ublack/controller/globalBlackController.go:12.63,17.2 4 0
ublack/controller/globalBlackController.go:19.64,25.2 4 0
ublack/controller/globalBlackController.go:31.65,36.2 4 0
ublack/controller/globalBlackController.go:38.66,43.2 4 0
ublack/controller/globalBlackController.go:49.66,54.2 4 0
ublack/controller/globalBlackController.go:56.67,61.2 4 0
ublack/controller/registController.go:6.31,12.2 4 1
ublack/config/config.go:7.13,9.2 1 1
ublack/main.go:10.13,17.2 4 1
ublack/model/service/page/common.go:23.54,31.16 3 0
ublack/model/service/page/common.go:34.2,34.12 1 0
ublack/model/service/page/common.go:31.16,33.3 1 0
